<?xml version="1.0" encoding="UTF-8"?>
<!-- Generated by org.testng.reporters.JUnitReportReporter -->
<testsuite skipped="0" hostname="DESKTOP-99HJIF7" name="practiceExercise.PE1" tests="1" failures="0" timestamp="20 Feb 2018 06:06:35 GMT" time="17.393" errors="0">
  <testcase name="f" time="17.393" classname="practiceExercise.PE1"/>
</testsuite> <!-- practiceExercise.PE1 -->
